build/app/intermediates/manifest_merge_blame_file/debug/manifest-merger-blame-debug-report.txt
1<?xml version="1.0" encoding="utf-8"?>
2<manifest xmlns:android="http://schemas.android.com/apk/res/android"
3    package="com.example.uber_ui"
4    android:versionCode="1"
5    android:versionName="1.0.0" >
6
7    <uses-sdk
8        android:minSdkVersion="21"
9        android:targetSdkVersion="31" />
10    <!--
11         The INTERNET permission is required for development. Specifically,
12         the Flutter tool needs it to communicate with the running application
13         to allow setting breakpoints, to provide hot reload, etc.
14    -->
15    <uses-permission android:name="android.permission.INTERNET" />
15-->src/debug/AndroidManifest.xml:7:5-66
15-->src/debug/AndroidManifest.xml:7:22-64
16    <!--
17     <uses-permission android:name="android.permission.ACCESS_COARSE_LOCATION" />
18    <uses-permission android:name="android.permission.ACCESS_FINE_LOCATION" />
19    -->
20    <uses-permission android:name="android.permission.FOREGROUND_SERVICE" />
20-->src/main/AndroidManifest.xml:5:5-77
20-->src/main/AndroidManifest.xml:5:22-74
21    <uses-permission android:name="android.permission.ACCESS_BACKGROUND_LOCATION" />
21-->src/main/AndroidManifest.xml:6:5-84
21-->src/main/AndroidManifest.xml:6:22-82
22    <uses-permission android:name="android.permission.WAKE_LOCK" />
22-->[:firebase_messaging] AndroidManifest.xml:10:5-68
22-->[:firebase_messaging] AndroidManifest.xml:10:22-65
23    <uses-permission android:name="android.permission.ACCESS_NETWORK_STATE" />
23-->[:firebase_messaging] AndroidManifest.xml:11:5-79
23-->[:firebase_messaging] AndroidManifest.xml:11:22-76
24    <uses-permission android:name="android.permission.ACCESS_COARSE_LOCATION" />
24-->[:location] AndroidManifest.xml:9:5-81
24-->[:location] AndroidManifest.xml:9:22-78
25    <uses-permission android:name="android.permission.ACCESS_FINE_LOCATION" />
25-->[:location] AndroidManifest.xml:10:5-79
25-->[:location] AndroidManifest.xml:10:22-76
26    <uses-permission android:name="android.permission.POST_NOTIFICATIONS" /> <!-- Required by older versions of Google Play services to create IID tokens -->
26-->[com.google.firebase:firebase-messaging:23.0.6] AndroidManifest.xml:26:5-77
26-->[com.google.firebase:firebase-messaging:23.0.6] AndroidManifest.xml:26:22-74
27    <uses-permission android:name="com.google.android.c2dm.permission.RECEIVE" />
27-->[com.google.firebase:firebase-messaging:23.0.6] AndroidManifest.xml:29:5-82
27-->[com.google.firebase:firebase-messaging:23.0.6] AndroidManifest.xml:29:22-79
28
29    <uses-feature
29-->[com.google.android.gms:play-services-maps:18.0.2] AndroidManifest.xml:26:5-28:35
30        android:glEsVersion="0x00020000"
30-->[com.google.android.gms:play-services-maps:18.0.2] AndroidManifest.xml:27:9-41
31        android:required="true" />
31-->[com.google.android.gms:play-services-maps:18.0.2] AndroidManifest.xml:28:9-32
32
33    <queries>
33-->[com.google.android.gms:play-services-maps:18.0.2] AndroidManifest.xml:30:5-34:15
34
35        <!-- Needs to be explicitly declared on Android R+ -->
36        <package android:name="com.google.android.apps.maps" />
36-->[com.google.android.gms:play-services-maps:18.0.2] AndroidManifest.xml:33:9-64
36-->[com.google.android.gms:play-services-maps:18.0.2] AndroidManifest.xml:33:18-61
37    </queries>
38
39    <application
40        android:name="android.app.Application"
41        android:appComponentFactory="androidx.core.app.CoreComponentFactory"
41-->[androidx.core:core:1.6.0] AndroidManifest.xml:24:18-86
42        android:debuggable="true"
43        android:icon="@mipmap/ic_launcher"
44        android:label="Mode" >
45        <meta-data
46            android:name="com.google.android.geo.API_KEY"
47            android:value="AIzaSyAjfITB9U_n7TWqVQLRZunTQb0NZetwzoc" />
48
49        <activity
50            android:name="com.example.uber_ui.MainActivity"
51            android:configChanges="orientation|keyboardHidden|keyboard|screenSize|smallestScreenSize|locale|layoutDirection|fontScale|screenLayout|density|uiMode"
52            android:exported="true"
53            android:hardwareAccelerated="true"
54            android:launchMode="singleTop"
55            android:theme="@style/LaunchTheme"
56            android:windowSoftInputMode="adjustResize" >
57
58            <!--
59                 Specifies an Android theme to apply to this Activity as soon as
60                 the Android process has started. This theme is visible to the user
61                 while the Flutter UI initializes. After that, this theme continues
62                 to determine the Window background behind the Flutter UI.
63            -->
64            <meta-data
65                android:name="io.flutter.embedding.android.NormalTheme"
66                android:resource="@style/NormalTheme" />
67
68            <intent-filter>
69                <action android:name="android.intent.action.MAIN" />
70
71                <category android:name="android.intent.category.LAUNCHER" />
72            </intent-filter>
73        </activity>
74        <!--
75             Don't delete the meta-data below.
76             This is used by the Flutter tool to generate GeneratedPluginRegistrant.java
77        -->
78        <meta-data
79            android:name="flutterEmbedding"
80            android:value="2" />
81
82        <service
82-->[:firebase_messaging] AndroidManifest.xml:14:9-17:72
83            android:name="io.flutter.plugins.firebase.messaging.FlutterFirebaseMessagingBackgroundService"
83-->[:firebase_messaging] AndroidManifest.xml:15:13-107
84            android:exported="false"
84-->[:firebase_messaging] AndroidManifest.xml:16:13-37
85            android:permission="android.permission.BIND_JOB_SERVICE" />
85-->[:firebase_messaging] AndroidManifest.xml:17:13-69
86        <service
86-->[:firebase_messaging] AndroidManifest.xml:18:9-24:19
87            android:name="io.flutter.plugins.firebase.messaging.FlutterFirebaseMessagingService"
87-->[:firebase_messaging] AndroidManifest.xml:19:13-97
88            android:exported="false" >
88-->[:firebase_messaging] AndroidManifest.xml:20:13-37
89            <intent-filter>
89-->[:firebase_messaging] AndroidManifest.xml:21:13-23:29
90                <action android:name="com.google.firebase.MESSAGING_EVENT" />
90-->[:firebase_messaging] AndroidManifest.xml:22:17-78
90-->[:firebase_messaging] AndroidManifest.xml:22:25-75
91            </intent-filter>
92        </service>
93
94        <receiver
94-->[:firebase_messaging] AndroidManifest.xml:26:9-33:20
95            android:name="io.flutter.plugins.firebase.messaging.FlutterFirebaseMessagingReceiver"
95-->[:firebase_messaging] AndroidManifest.xml:27:13-98
96            android:exported="true"
96-->[:firebase_messaging] AndroidManifest.xml:28:13-36
97            android:permission="com.google.android.c2dm.permission.SEND" >
97-->[:firebase_messaging] AndroidManifest.xml:29:13-73
98            <intent-filter>
98-->[:firebase_messaging] AndroidManifest.xml:30:13-32:29
99                <action android:name="com.google.android.c2dm.intent.RECEIVE" />
99-->[:firebase_messaging] AndroidManifest.xml:31:17-81
99-->[:firebase_messaging] AndroidManifest.xml:31:25-78
100            </intent-filter>
101        </receiver>
102
103        <service
103-->[:firebase_messaging] AndroidManifest.xml:35:9-39:19
104            android:name="com.google.firebase.components.ComponentDiscoveryService"
104-->[:firebase_messaging] AndroidManifest.xml:35:18-89
105            android:directBootAware="true"
105-->[com.google.firebase:firebase-common:20.1.1] AndroidManifest.xml:35:13-43
106            android:exported="false" >
106-->[com.google.firebase:firebase-messaging:23.0.6] AndroidManifest.xml:55:13-37
107            <meta-data
107-->[:firebase_messaging] AndroidManifest.xml:36:13-38:85
108                android:name="com.google.firebase.components:io.flutter.plugins.firebase.messaging.FlutterFirebaseAppRegistrar"
108-->[:firebase_messaging] AndroidManifest.xml:37:17-128
109                android:value="com.google.firebase.components.ComponentRegistrar" />
109-->[:firebase_messaging] AndroidManifest.xml:38:17-82
110            <meta-data
110-->[:firebase_core] AndroidManifest.xml:11:13-13:85
111                android:name="com.google.firebase.components:io.flutter.plugins.firebase.core.FlutterFirebaseCoreRegistrar"
111-->[:firebase_core] AndroidManifest.xml:12:17-124
112                android:value="com.google.firebase.components.ComponentRegistrar" />
112-->[:firebase_core] AndroidManifest.xml:13:17-82
113            <meta-data
113-->[com.google.firebase:firebase-messaging:23.0.6] AndroidManifest.xml:56:13-58:85
114                android:name="com.google.firebase.components:com.google.firebase.messaging.FirebaseMessagingRegistrar"
114-->[com.google.firebase:firebase-messaging:23.0.6] AndroidManifest.xml:57:17-119
115                android:value="com.google.firebase.components.ComponentRegistrar" />
115-->[com.google.firebase:firebase-messaging:23.0.6] AndroidManifest.xml:58:17-82
116            <meta-data
116-->[com.google.firebase:firebase-datatransport:18.1.5] AndroidManifest.xml:28:13-30:85
117                android:name="com.google.firebase.components:com.google.firebase.datatransport.TransportRegistrar"
117-->[com.google.firebase:firebase-datatransport:18.1.5] AndroidManifest.xml:29:17-115
118                android:value="com.google.firebase.components.ComponentRegistrar" />
118-->[com.google.firebase:firebase-datatransport:18.1.5] AndroidManifest.xml:30:17-82
119            <meta-data
119-->[com.google.firebase:firebase-installations:17.0.1] AndroidManifest.xml:18:13-20:85
120                android:name="com.google.firebase.components:com.google.firebase.installations.FirebaseInstallationsRegistrar"
120-->[com.google.firebase:firebase-installations:17.0.1] AndroidManifest.xml:19:17-127
121                android:value="com.google.firebase.components.ComponentRegistrar" />
121-->[com.google.firebase:firebase-installations:17.0.1] AndroidManifest.xml:20:17-82
122        </service>
123
124        <provider
124-->[:firebase_messaging] AndroidManifest.xml:41:9-45:38
125            android:name="io.flutter.plugins.firebase.messaging.FlutterFirebaseMessagingInitProvider"
125-->[:firebase_messaging] AndroidManifest.xml:42:13-102
126            android:authorities="com.example.uber_ui.flutterfirebasemessaginginitprovider"
126-->[:firebase_messaging] AndroidManifest.xml:43:13-88
127            android:exported="false"
127-->[:firebase_messaging] AndroidManifest.xml:44:13-37
128            android:initOrder="99" />
128-->[:firebase_messaging] AndroidManifest.xml:45:13-35
129
130        <service
130-->[:location] AndroidManifest.xml:13:9-17:56
131            android:name="com.lyokone.location.FlutterLocationService"
131-->[:location] AndroidManifest.xml:14:13-71
132            android:enabled="true"
132-->[:location] AndroidManifest.xml:15:13-35
133            android:exported="false"
133-->[:location] AndroidManifest.xml:16:13-37
134            android:foregroundServiceType="location" />
134-->[:location] AndroidManifest.xml:17:13-53
135
136        <uses-library
136-->[androidx.window:window:1.0.0-beta04] AndroidManifest.xml:25:9-27:40
137            android:name="androidx.window.extensions"
137-->[androidx.window:window:1.0.0-beta04] AndroidManifest.xml:26:13-54
138            android:required="false" />
138-->[androidx.window:window:1.0.0-beta04] AndroidManifest.xml:27:13-37
139        <uses-library
139-->[androidx.window:window:1.0.0-beta04] AndroidManifest.xml:28:9-30:40
140            android:name="androidx.window.sidecar"
140-->[androidx.window:window:1.0.0-beta04] AndroidManifest.xml:29:13-51
141            android:required="false" />
141-->[androidx.window:window:1.0.0-beta04] AndroidManifest.xml:30:13-37
142
143        <receiver
143-->[com.google.firebase:firebase-messaging:23.0.6] AndroidManifest.xml:32:9-39:20
144            android:name="com.google.firebase.iid.FirebaseInstanceIdReceiver"
144-->[com.google.firebase:firebase-messaging:23.0.6] AndroidManifest.xml:33:13-78
145            android:exported="true"
145-->[com.google.firebase:firebase-messaging:23.0.6] AndroidManifest.xml:34:13-36
146            android:permission="com.google.android.c2dm.permission.SEND" >
146-->[com.google.firebase:firebase-messaging:23.0.6] AndroidManifest.xml:35:13-73
147            <intent-filter>
147-->[:firebase_messaging] AndroidManifest.xml:30:13-32:29
148                <action android:name="com.google.android.c2dm.intent.RECEIVE" />
148-->[:firebase_messaging] AndroidManifest.xml:31:17-81
148-->[:firebase_messaging] AndroidManifest.xml:31:25-78
149            </intent-filter>
150        </receiver>
151        <!--
152             FirebaseMessagingService performs security checks at runtime,
153             but set to not exported to explicitly avoid allowing another app to call it.
154        -->
155        <service
155-->[com.google.firebase:firebase-messaging:23.0.6] AndroidManifest.xml:45:9-52:19
156            android:name="com.google.firebase.messaging.FirebaseMessagingService"
156-->[com.google.firebase:firebase-messaging:23.0.6] AndroidManifest.xml:46:13-82
157            android:directBootAware="true"
157-->[com.google.firebase:firebase-messaging:23.0.6] AndroidManifest.xml:47:13-43
158            android:exported="false" >
158-->[com.google.firebase:firebase-messaging:23.0.6] AndroidManifest.xml:48:13-37
159            <intent-filter android:priority="-500" >
159-->[:firebase_messaging] AndroidManifest.xml:21:13-23:29
160                <action android:name="com.google.firebase.MESSAGING_EVENT" />
160-->[:firebase_messaging] AndroidManifest.xml:22:17-78
160-->[:firebase_messaging] AndroidManifest.xml:22:25-75
161            </intent-filter>
162        </service>
163
164        <provider
164-->[com.google.firebase:firebase-common:20.1.1] AndroidManifest.xml:26:9-31:39
165            android:name="com.google.firebase.provider.FirebaseInitProvider"
165-->[com.google.firebase:firebase-common:20.1.1] AndroidManifest.xml:27:13-77
166            android:authorities="com.example.uber_ui.firebaseinitprovider"
166-->[com.google.firebase:firebase-common:20.1.1] AndroidManifest.xml:28:13-72
167            android:directBootAware="true"
167-->[com.google.firebase:firebase-common:20.1.1] AndroidManifest.xml:29:13-43
168            android:exported="false"
168-->[com.google.firebase:firebase-common:20.1.1] AndroidManifest.xml:30:13-37
169            android:initOrder="100" /> <!-- Needs to be explicitly declared on P+ -->
169-->[com.google.firebase:firebase-common:20.1.1] AndroidManifest.xml:31:13-36
170        <uses-library
170-->[com.google.android.gms:play-services-maps:18.0.2] AndroidManifest.xml:39:9-41:40
171            android:name="org.apache.http.legacy"
171-->[com.google.android.gms:play-services-maps:18.0.2] AndroidManifest.xml:40:13-50
172            android:required="false" />
172-->[com.google.android.gms:play-services-maps:18.0.2] AndroidManifest.xml:41:13-37
173
174        <activity
174-->[com.google.android.gms:play-services-base:18.0.1] AndroidManifest.xml:20:9-22:45
175            android:name="com.google.android.gms.common.api.GoogleApiActivity"
175-->[com.google.android.gms:play-services-base:18.0.1] AndroidManifest.xml:20:19-85
176            android:exported="false"
176-->[com.google.android.gms:play-services-base:18.0.1] AndroidManifest.xml:22:19-43
177            android:theme="@android:style/Theme.Translucent.NoTitleBar" />
177-->[com.google.android.gms:play-services-base:18.0.1] AndroidManifest.xml:21:19-78
178
179        <meta-data
179-->[com.google.android.gms:play-services-basement:18.0.0] AndroidManifest.xml:21:9-23:69
180            android:name="com.google.android.gms.version"
180-->[com.google.android.gms:play-services-basement:18.0.0] AndroidManifest.xml:22:13-58
181            android:value="@integer/google_play_services_version" />
181-->[com.google.android.gms:play-services-basement:18.0.0] AndroidManifest.xml:23:13-66
182
183        <service
183-->[com.google.android.datatransport:transport-backend-cct:3.1.6] AndroidManifest.xml:29:9-35:19
184            android:name="com.google.android.datatransport.runtime.backends.TransportBackendDiscovery"
184-->[com.google.android.datatransport:transport-backend-cct:3.1.6] AndroidManifest.xml:30:13-103
185            android:exported="false" >
185-->[com.google.android.datatransport:transport-backend-cct:3.1.6] AndroidManifest.xml:31:13-37
186            <meta-data
186-->[com.google.android.datatransport:transport-backend-cct:3.1.6] AndroidManifest.xml:32:13-34:39
187                android:name="backend:com.google.android.datatransport.cct.CctBackendFactory"
187-->[com.google.android.datatransport:transport-backend-cct:3.1.6] AndroidManifest.xml:33:17-94
188                android:value="cct" />
188-->[com.google.android.datatransport:transport-backend-cct:3.1.6] AndroidManifest.xml:34:17-36
189        </service>
190        <service
190-->[com.google.android.datatransport:transport-runtime:3.1.6] AndroidManifest.xml:26:9-30:19
191            android:name="com.google.android.datatransport.runtime.scheduling.jobscheduling.JobInfoSchedulerService"
191-->[com.google.android.datatransport:transport-runtime:3.1.6] AndroidManifest.xml:27:13-117
192            android:exported="false"
192-->[com.google.android.datatransport:transport-runtime:3.1.6] AndroidManifest.xml:28:13-37
193            android:permission="android.permission.BIND_JOB_SERVICE" >
193-->[com.google.android.datatransport:transport-runtime:3.1.6] AndroidManifest.xml:29:13-69
194        </service>
195
196        <receiver
196-->[com.google.android.datatransport:transport-runtime:3.1.6] AndroidManifest.xml:32:9-34:40
197            android:name="com.google.android.datatransport.runtime.scheduling.jobscheduling.AlarmManagerSchedulerBroadcastReceiver"
197-->[com.google.android.datatransport:transport-runtime:3.1.6] AndroidManifest.xml:33:13-132
198            android:exported="false" />
198-->[com.google.android.datatransport:transport-runtime:3.1.6] AndroidManifest.xml:34:13-37
199    </application>
200
201</manifest>